[10:08:29.790] - 0:0:0:0:0:0:0:1:web::http://localhost:8081/spring/main
[10:08:29.999] - 0:0:0:0:0:0:0:1:web::http://localhost:8081/spring/resources/css/main-style.css
[10:08:30.083] - 0:0:0:0:0:0:0:1:web::http://localhost:8081/spring/resources/js/main/main.js
[10:08:30.084] - 0:0:0:0:0:0:0:1:web::http://localhost:8081/spring/resources/images/top_logo.jpg
[10:08:30.186] - 0:0:0:0:0:0:0:1:web::http://localhost:8081/spring/member/selectAll
[10:08:31.723] - 0:0:0:0:0:0:0:1:web::http://localhost:8081/spring/board/list/P
[10:08:31.861] - 0:0:0:0:0:0:0:1:web::http://localhost:8081/spring/resources/images/user.jpg
[10:08:34.004] - 0:0:0:0:0:0:0:1:web::http://localhost:8081/spring/board/detail/P/43
[10:08:34.065] - 0:0:0:0:0:0:0:1:web::http://localhost:8081/spring/resources/images/boardT/2023050214122871947.jpg
[10:08:34.065] - 0:0:0:0:0:0:0:1:web::http://localhost:8081/spring/resources/images/boardT/2023050214122830721.jpg
[10:08:34.152] - 0:0:0:0:0:0:0:1:web::http://localhost:8081/spring/reply/selectReplyList?bno=43
[10:51:36.950] - 0:0:0:0:0:0:0:1:web::http://localhost:8081/spring/board/list/P
[10:51:39.079] - 0:0:0:0:0:0:0:1:web::http://localhost:8081/spring/board/detail/P/43
[10:51:39.141] - 0:0:0:0:0:0:0:1:web::http://localhost:8081/spring/reply/selectReplyList?bno=43
[10:52:41.788] - 0:0:0:0:0:0:0:1:web::http://localhost:8081/spring/board/list/P
[10:52:43.173] - 0:0:0:0:0:0:0:1:web::http://localhost:8081/spring/board/detail/P/42
[10:52:43.257] - 0:0:0:0:0:0:0:1:web::http://localhost:8081/spring/reply/selectReplyList?bno=42
[10:52:43.257] - 0:0:0:0:0:0:0:1:web::http://localhost:8081/spring/resources/images/boardT/2023050212152147331.jpg
[10:52:43.257] - 0:0:0:0:0:0:0:1:web::http://localhost:8081/spring/resources/images/boardT/2023050212152125199.jpg
[10:52:43.257] - 0:0:0:0:0:0:0:1:web::http://localhost:8081/spring/resources/images/boardT/2023050212152199898.jpg
[10:52:43.257] - 0:0:0:0:0:0:0:1:web::http://localhost:8081/spring/resources/images/boardT/2023050212152197620.jpg
[10:52:44.798] - 0:0:0:0:0:0:0:1:web::http://localhost:8081/spring/board/list/P
[10:52:45.439] - 0:0:0:0:0:0:0:1:web::http://localhost:8081/spring/board/detail/P/43
[10:52:45.468] - 0:0:0:0:0:0:0:1:web::http://localhost:8081/spring/reply/selectReplyList?bno=43
[10:53:15.832] - 0:0:0:0:0:0:0:1:web::http://localhost:8081/spring/board/list/P
[10:53:16.112] - 0:0:0:0:0:0:0:1:web::http://localhost:8081/spring/resources/css/main-style.css
[10:53:16.136] - 0:0:0:0:0:0:0:1:web::http://localhost:8081/spring/resources/images/top_logo.jpg
[10:53:16.141] - 0:0:0:0:0:0:0:1:web::http://localhost:8081/spring/resources/images/user.jpg
[10:53:17.012] - 0:0:0:0:0:0:0:1:web::http://localhost:8081/spring/board/list/P
[10:53:17.703] - 0:0:0:0:0:0:0:1:web::http://localhost:8081/spring/board/detail/P/43
[10:53:17.764] - 0:0:0:0:0:0:0:1:web::http://localhost:8081/spring/reply/selectReplyList?bno=43
[10:54:00.829] - 0:0:0:0:0:0:0:1:web::http://localhost:8081/spring/board/list/P
[10:54:01.751] - 0:0:0:0:0:0:0:1:web::http://localhost:8081/spring/board/detail/P/43
[10:54:01.813] - 0:0:0:0:0:0:0:1:web::http://localhost:8081/spring/reply/selectReplyList?bno=43
[11:03:18.786] - 0:0:0:0:0:0:0:1:web::http://localhost:8081/spring/board/list/P
[11:03:20.247] - 0:0:0:0:0:0:0:1:web::http://localhost:8081/spring/board/detail/P/43
[11:03:20.311] - 0:0:0:0:0:0:0:1:web::http://localhost:8081/spring/reply/selectReplyList?bno=43
[11:14:54.386] - 0:0:0:0:0:0:0:1:web::http://localhost:8081/spring/board/list/P
[11:14:55.552] - 0:0:0:0:0:0:0:1:web::http://localhost:8081/spring/board/detail/P/43
[11:14:55.617] - 0:0:0:0:0:0:0:1:web::http://localhost:8081/spring/reply/selectReplyList?bno=43
[11:15:43.471] - 0:0:0:0:0:0:0:1:web::http://localhost:8081/spring/board/list/P
[11:15:44.590] - 0:0:0:0:0:0:0:1:web::http://localhost:8081/spring/board/detail/P/43
[11:15:44.646] - 0:0:0:0:0:0:0:1:web::http://localhost:8081/spring/reply/selectReplyList?bno=43
[11:25:53.115] - 0:0:0:0:0:0:0:1:web::http://localhost:8081/spring/board/list/P
[11:25:54.280] - 0:0:0:0:0:0:0:1:web::http://localhost:8081/spring/board/detail/P/43
[11:25:54.343] - 0:0:0:0:0:0:0:1:web::http://localhost:8081/spring/reply/selectReplyList?bno=43
[11:38:43.203] - 0:0:0:0:0:0:0:1:web::http://localhost:8081/spring/board/list/P
[13:47:14.482] - 0:0:0:0:0:0:0:1:web::http://localhost:8081/spring/main
[13:47:14.683] - 0:0:0:0:0:0:0:1:web::http://localhost:8081/spring/member/selectAll
[13:47:19.607] - 0:0:0:0:0:0:0:1:web::http://localhost:8081/spring/member/login?userId=riddl065@naver.com&userPwd=!wlq4274&saveId=on
[13:47:19.761] - 0:0:0:0:0:0:0:1:web:riddl065@naver.com:http://localhost:8081/spring/main
[13:47:19.821] - 0:0:0:0:0:0:0:1:web:riddl065@naver.com:http://localhost:8081/spring/member/selectAll
[13:47:30.105] - 0:0:0:0:0:0:0:1:web:riddl065@naver.com:http://localhost:8081/spring/member/selectAll
[13:47:40.117] - 0:0:0:0:0:0:0:1:web:riddl065@naver.com:http://localhost:8081/spring/member/selectAll
[13:47:50.117] - 0:0:0:0:0:0:0:1:web:riddl065@naver.com:http://localhost:8081/spring/member/selectAll
[13:48:00.117] - 0:0:0:0:0:0:0:1:web:riddl065@naver.com:http://localhost:8081/spring/member/selectAll
[13:48:10.118] - 0:0:0:0:0:0:0:1:web:riddl065@naver.com:http://localhost:8081/spring/member/selectAll
[13:48:20.113] - 0:0:0:0:0:0:0:1:web:riddl065@naver.com:http://localhost:8081/spring/member/selectAll
[13:49:01.106] - 0:0:0:0:0:0:0:1:web:riddl065@naver.com:http://localhost:8081/spring/member/selectAll
[13:50:08.817] - 127.0.0.1:web::http://localhost:8081/spring/main
[13:50:08.818] - 0:0:0:0:0:0:0:1:web::http://localhost:8081/spring/member/selectAll
[13:50:08.970] - 127.0.0.1:web::http://localhost:8081/spring/resources/css/main-style.css
[13:50:09.015] - 127.0.0.1:web::http://localhost:8081/spring/resources/js/main/main.js
[13:50:09.016] - 0:0:0:0:0:0:0:1:web::http://localhost:8081/spring/resources/images/top_logo.jpg
[13:50:09.582] - 0:0:0:0:0:0:0:1:web::http://localhost:8081/spring/member/selectAll
[13:50:14.064] - 0:0:0:0:0:0:0:1:web::http://localhost:8081/spring/member/login?userId=riddl065@naver.com&userPwd=!wlq4274&saveId=on
[13:50:14.206] - 0:0:0:0:0:0:0:1:web:riddl065@naver.com:http://localhost:8081/spring/main
[13:50:14.258] - 0:0:0:0:0:0:0:1:web:riddl065@naver.com:http://localhost:8081/spring/member/selectAll
[13:50:25.116] - 0:0:0:0:0:0:0:1:web:riddl065@naver.com:http://localhost:8081/spring/member/selectAll
[13:50:35.110] - 0:0:0:0:0:0:0:1:web:riddl065@naver.com:http://localhost:8081/spring/member/selectAll
[13:50:45.102] - 0:0:0:0:0:0:0:1:web:riddl065@naver.com:http://localhost:8081/spring/member/selectAll
[13:50:56.770] - 0:0:0:0:0:0:0:1:web::http://localhost:8081/spring/member/selectAll
[13:51:01.476] - 0:0:0:0:0:0:0:1:web::http://localhost:8081/spring/main
[13:51:01.575] - 0:0:0:0:0:0:0:1:web::http://localhost:8081/spring/resources/css/main-style.css
[13:51:01.593] - 0:0:0:0:0:0:0:1:web::http://localhost:8081/spring/resources/js/main/main.js
[13:51:01.593] - 0:0:0:0:0:0:0:1:web::http://localhost:8081/spring/resources/images/top_logo.jpg
[13:51:01.781] - 0:0:0:0:0:0:0:1:web::http://localhost:8081/spring/member/selectAll
[13:51:08.346] - 0:0:0:0:0:0:0:1:web::http://localhost:8081/spring/member/login?userId=riddl065@naver.com&userPwd=!wlq4274&saveId=on
[13:51:08.480] - 0:0:0:0:0:0:0:1:web:riddl065@naver.com:http://localhost:8081/spring/main
[13:51:08.528] - 0:0:0:0:0:0:0:1:web:riddl065@naver.com:http://localhost:8081/spring/member/selectAll
[13:51:19.102] - 0:0:0:0:0:0:0:1:web:riddl065@naver.com:http://localhost:8081/spring/member/selectAll
[13:51:29.112] - 0:0:0:0:0:0:0:1:web:riddl065@naver.com:http://localhost:8081/spring/member/selectAll
[13:51:39.109] - 0:0:0:0:0:0:0:1:web:riddl065@naver.com:http://localhost:8081/spring/member/selectAll
[13:51:49.112] - 0:0:0:0:0:0:0:1:web:riddl065@naver.com:http://localhost:8081/spring/member/selectAll
[13:51:59.103] - 0:0:0:0:0:0:0:1:web:riddl065@naver.com:http://localhost:8081/spring/member/selectAll
[13:52:09.120] - 0:0:0:0:0:0:0:1:web:riddl065@naver.com:http://localhost:8081/spring/member/selectAll
[13:56:02.094] - 0:0:0:0:0:0:0:1:web::http://localhost:8081/spring/member/selectAll
[13:57:01.119] - 0:0:0:0:0:0:0:1:web::http://localhost:8081/spring/member/selectAll
[13:59:01.213] - 0:0:0:0:0:0:0:1:web::http://localhost:8081/spring/member/selectAll
[15:07:10.392] - 0:0:0:0:0:0:0:1:web::http://localhost:8081/spring/member/selectAll
[15:07:20.993] - 0:0:0:0:0:0:0:1:web::http://localhost:8081/spring/member/selectAll
[15:07:24.412] - 0:0:0:0:0:0:0:1:web::http://localhost:8081/spring/board/list/P
[15:07:26.225] - 0:0:0:0:0:0:0:1:web::http://localhost:8081/spring/board/detail/P/43
[15:07:26.301] - 0:0:0:0:0:0:0:1:web::http://localhost:8081/spring/reply/selectReplyList?bno=43
[15:12:23.689] - 0:0:0:0:0:0:0:1:web::http://localhost:8081/spring/board/list/N
